# JRE version: OpenJDK Runtime Environment Temurin-21.0.9+10 (21.0.9+10) (build 21.0.9+10-LTS)
# Java VM: OpenJDK 64-Bit Server VM Temurin-21.0.9+10 (21.0.9+10-LTS, mixed mode, sharing, tiered, compressed oops, compressed class ptrs, parallel gc, windows-amd64)
GC Precious Log:
 CardTable entry size: 512
 CPUs: 16 total, 16 available
 Memory: 14020M
 Large Page Support: Disabled
 NUMA Support: Disabled
 Compressed Oops: Enabled (32-bit)
 Alignments: Space 512K, Generation 512K, Heap 2M
 Heap Min Capacity: 100M
 Heap Initial Capacity: 100M
 Heap Max Capacity: 2G
 Pre-touch: Disabled
 Parallel Workers: 13
Heap:
 PSYoungGen      total 2048K, used 1441K [0x00000000d5580000, 0x00000000d5880000, 0x0000000100000000)
  eden space 1536K, 68% used [0x00000000d5580000,0x00000000d5688748,0x00000000d5700000)
  from space 512K, 75% used [0x00000000d5780000,0x00000000d57e0000,0x00000000d5800000)
  to   space 512K, 0% used [0x00000000d5800000,0x00000000d5800000,0x00000000d5880000)
 ParOldGen       total 857600K, used 857319K [0x0000000080000000, 0x00000000b4580000, 0x00000000d5580000)
  object space 857600K, 99% used [0x0000000080000000,0x00000000b4539f28,0x00000000b4580000)
 Metaspace       used 91640K, committed 93248K, reserved 1179648K
  class space    used 9302K, committed 10048K, reserved 1048576K
GC Heap History (20 events):
Event: 3317.801 GC heap before
{Heap before GC invocations=3945 (full 5):
 PSYoungGen      total 2048K, used 1824K [0x00000000d5580000, 0x00000000d5880000, 0x0000000100000000)
  eden space 1536K, 100% used [0x00000000d5580000,0x00000000d5700000,0x00000000d5700000)
  from space 512K, 56% used [0x00000000d5780000,0x00000000d57c8000,0x00000000d5800000)
  to   space 512K, 0% used [0x00000000d5800000,0x00000000d5800000,0x00000000d5880000)
 ParOldGen       total 857088K, used 856927K [0x0000000080000000, 0x00000000b4500000, 0x00000000d5580000)
  object space 857088K, 99% used [0x0000000080000000,0x00000000b44d7f28,0x00000000b4500000)
 Metaspace       used 91640K, committed 93248K, reserved 1179648K
  class space    used 9302K, committed 10048K, reserved 1048576K
}
Event: 3317.803 GC heap after
{Heap after GC invocations=3945 (full 5):
 PSYoungGen      total 2048K, used 288K [0x00000000d5580000, 0x00000000d5880000, 0x0000000100000000)
  eden space 1536K, 0% used [0x00000000d5580000,0x00000000d5580000,0x00000000d5700000)
  from space 512K, 56% used [0x00000000d5800000,0x00000000d5848000,0x00000000d5880000)
  to   space 512K, 0% used [0x00000000d5780000,0x00000000d5780000,0x00000000d5800000)
 ParOldGen       total 857088K, used 856999K [0x0000000080000000, 0x00000000b4500000, 0x00000000d5580000)
  object space 857088K, 99% used [0x0000000080000000,0x00000000b44e9f28,0x00000000b4500000)
 Metaspace       used 91640K, committed 93248K, reserved 1179648K
  class space    used 9302K, committed 10048K, reserved 1048576K
}
Event: 3317.861 GC heap before
{Heap before GC invocations=3946 (full 5):
 PSYoungGen      total 2048K, used 1824K [0x00000000d5580000, 0x00000000d5880000, 0x0000000100000000)
  eden space 1536K, 100% used [0x00000000d5580000,0x00000000d5700000,0x00000000d5700000)
  from space 512K, 56% used [0x00000000d5800000,0x00000000d5848000,0x00000000d5880000)
  to   space 512K, 0% used [0x00000000d5780000,0x00000000d5780000,0x00000000d5800000)
 ParOldGen       total 857088K, used 856999K [0x0000000080000000, 0x00000000b4500000, 0x00000000d5580000)
  object space 857088K, 99% used [0x0000000080000000,0x00000000b44e9f28,0x00000000b4500000)
 Metaspace       used 91640K, committed 93248K, reserved 1179648K
  class space    used 9302K, committed 10048K, reserved 1048576K
}
Event: 3317.862 GC heap after
{Heap after GC invocations=3946 (full 5):
 PSYoungGen      total 2048K, used 416K [0x00000000d5580000, 0x00000000d5880000, 0x0000000100000000)
  eden space 1536K, 0% used [0x00000000d5580000,0x00000000d5580000,0x00000000d5700000)
  from space 512K, 81% used [0x00000000d5780000,0x00000000d57e8000,0x00000000d5800000)
  to   space 512K, 0% used [0x00000000d5800000,0x00000000d5800000,0x00000000d5880000)
 ParOldGen       total 857088K, used 857079K [0x0000000080000000, 0x00000000b4500000, 0x00000000d5580000)
  object space 857088K, 99% used [0x0000000080000000,0x00000000b44fdf28,0x00000000b4500000)
 Metaspace       used 91640K, committed 93248K, reserved 1179648K
  class space    used 9302K, committed 10048K, reserved 1048576K
}
Event: 3318.081 GC heap before
{Heap before GC invocations=3947 (full 5):
 PSYoungGen      total 2048K, used 1952K [0x00000000d5580000, 0x00000000d5880000, 0x0000000100000000)
  eden space 1536K, 100% used [0x00000000d5580000,0x00000000d5700000,0x00000000d5700000)
  from space 512K, 81% used [0x00000000d5780000,0x00000000d57e8000,0x00000000d5800000)
  to   space 512K, 0% used [0x00000000d5800000,0x00000000d5800000,0x00000000d5880000)
 ParOldGen       total 857088K, used 857079K [0x0000000080000000, 0x00000000b4500000, 0x00000000d5580000)
  object space 857088K, 99% used [0x0000000080000000,0x00000000b44fdf28,0x00000000b4500000)
 Metaspace       used 91640K, committed 93248K, reserved 1179648K
  class space    used 9302K, committed 10048K, reserved 1048576K
}
Event: 3318.083 GC heap after
{Heap after GC invocations=3947 (full 5):
 PSYoungGen      total 2048K, used 320K [0x00000000d5580000, 0x00000000d5880000, 0x0000000100000000)
  eden space 1536K, 0% used [0x00000000d5580000,0x00000000d5580000,0x00000000d5700000)
  from space 512K, 62% used [0x00000000d5800000,0x00000000d5850000,0x00000000d5880000)
  to   space 512K, 0% used [0x00000000d5780000,0x00000000d5780000,0x00000000d5800000)
 ParOldGen       total 857600K, used 857143K [0x0000000080000000, 0x00000000b4580000, 0x00000000d5580000)
  object space 857600K, 99% used [0x0000000080000000,0x00000000b450df28,0x00000000b4580000)
 Metaspace       used 91640K, committed 93248K, reserved 1179648K
  class space    used 9302K, committed 10048K, reserved 1048576K
}
Event: 3318.163 GC heap before
{Heap before GC invocations=3948 (full 5):
 PSYoungGen      total 2048K, used 1856K [0x00000000d5580000, 0x00000000d5880000, 0x0000000100000000)
  eden space 1536K, 100% used [0x00000000d5580000,0x00000000d5700000,0x00000000d5700000)
  from space 512K, 62% used [0x00000000d5800000,0x00000000d5850000,0x00000000d5880000)
  to   space 512K, 0% used [0x00000000d5780000,0x00000000d5780000,0x00000000d5800000)
 ParOldGen       total 857600K, used 857143K [0x0000000080000000, 0x00000000b4580000, 0x00000000d5580000)
  object space 857600K, 99% used [0x0000000080000000,0x00000000b450df28,0x00000000b4580000)
 Metaspace       used 91640K, committed 93248K, reserved 1179648K
  class space    used 9302K, committed 10048K, reserved 1048576K
}
Event: 3318.165 GC heap after
{Heap after GC invocations=3948 (full 5):
 PSYoungGen      total 2048K, used 416K [0x00000000d5580000, 0x00000000d5880000, 0x0000000100000000)
  eden space 1536K, 0% used [0x00000000d5580000,0x00000000d5580000,0x00000000d5700000)
  from space 512K, 81% used [0x00000000d5780000,0x00000000d57e8000,0x00000000d5800000)
  to   space 512K, 0% used [0x00000000d5800000,0x00000000d5800000,0x00000000d5880000)
 ParOldGen       total 857600K, used 857143K [0x0000000080000000, 0x00000000b4580000, 0x00000000d5580000)
  object space 857600K, 99% used [0x0000000080000000,0x00000000b450df28,0x00000000b4580000)
 Metaspace       used 91640K, committed 93248K, reserved 1179648K
  class space    used 9302K, committed 10048K, reserved 1048576K
}
Event: 3318.223 GC heap before
{Heap before GC invocations=3949 (full 5):
 PSYoungGen      total 2048K, used 1952K [0x00000000d5580000, 0x00000000d5880000, 0x0000000100000000)
  eden space 1536K, 100% used [0x00000000d5580000,0x00000000d5700000,0x00000000d5700000)
  from space 512K, 81% used [0x00000000d5780000,0x00000000d57e8000,0x00000000d5800000)
  to   space 512K, 0% used [0x00000000d5800000,0x00000000d5800000,0x00000000d5880000)
 ParOldGen       total 857600K, used 857143K [0x0000000080000000, 0x00000000b4580000, 0x00000000d5580000)
  object space 857600K, 99% used [0x0000000080000000,0x00000000b450df28,0x00000000b4580000)
 Metaspace       used 91640K, committed 93248K, reserved 1179648K
  class space    used 9302K, committed 10048K, reserved 1048576K
}
Event: 3318.225 GC heap after
{Heap after GC invocations=3949 (full 5):
 PSYoungGen      total 2048K, used 288K [0x00000000d5580000, 0x00000000d5880000, 0x0000000100000000)
  eden space 1536K, 0% used [0x00000000d5580000,0x00000000d5580000,0x00000000d5700000)
  from space 512K, 56% used [0x00000000d5800000,0x00000000d5848000,0x00000000d5880000)
  to   space 512K, 0% used [0x00000000d5780000,0x00000000d5780000,0x00000000d5800000)
 ParOldGen       total 857600K, used 857143K [0x0000000080000000, 0x00000000b4580000, 0x00000000d5580000)
  object space 857600K, 99% used [0x0000000080000000,0x00000000b450df28,0x00000000b4580000)
 Metaspace       used 91640K, committed 93248K, reserved 1179648K
  class space    used 9302K, committed 10048K, reserved 1048576K
}
Event: 3318.933 GC heap before
{Heap before GC invocations=3950 (full 5):
 PSYoungGen      total 2048K, used 1824K [0x00000000d5580000, 0x00000000d5880000, 0x0000000100000000)
  eden space 1536K, 100% used [0x00000000d5580000,0x00000000d5700000,0x00000000d5700000)
  from space 512K, 56% used [0x00000000d5800000,0x00000000d5848000,0x00000000d5880000)
  to   space 512K, 0% used [0x00000000d5780000,0x00000000d5780000,0x00000000d5800000)
 ParOldGen       total 857600K, used 857143K [0x0000000080000000, 0x00000000b4580000, 0x00000000d5580000)
  object space 857600K, 99% used [0x0000000080000000,0x00000000b450df28,0x00000000b4580000)
 Metaspace       used 91640K, committed 93248K, reserved 1179648K
  class space    used 9302K, committed 10048K, reserved 1048576K
}
Event: 3318.934 GC heap after
{Heap after GC invocations=3950 (full 5):
 PSYoungGen      total 2048K, used 416K [0x00000000d5580000, 0x00000000d5880000, 0x0000000100000000)
  eden space 1536K, 0% used [0x00000000d5580000,0x00000000d5580000,0x00000000d5700000)
  from space 512K, 81% used [0x00000000d5780000,0x00000000d57e8000,0x00000000d5800000)
  to   space 512K, 0% used [0x00000000d5800000,0x00000000d5800000,0x00000000d5880000)
 ParOldGen       total 857600K, used 857143K [0x0000000080000000, 0x00000000b4580000, 0x00000000d5580000)
  object space 857600K, 99% used [0x0000000080000000,0x00000000b450df28,0x00000000b4580000)
 Metaspace       used 91640K, committed 93248K, reserved 1179648K
  class space    used 9302K, committed 10048K, reserved 1048576K
}
Event: 3318.936 GC heap before
{Heap before GC invocations=3951 (full 5):
 PSYoungGen      total 2048K, used 1944K [0x00000000d5580000, 0x00000000d5880000, 0x0000000100000000)
  eden space 1536K, 99% used [0x00000000d5580000,0x00000000d56fe2a8,0x00000000d5700000)
  from space 512K, 81% used [0x00000000d5780000,0x00000000d57e8000,0x00000000d5800000)
  to   space 512K, 0% used [0x00000000d5800000,0x00000000d5800000,0x00000000d5880000)
 ParOldGen       total 857600K, used 857143K [0x0000000080000000, 0x00000000b4580000, 0x00000000d5580000)
  object space 857600K, 99% used [0x0000000080000000,0x00000000b450df28,0x00000000b4580000)
 Metaspace       used 91640K, committed 93248K, reserved 1179648K
  class space    used 9302K, committed 10048K, reserved 1048576K
}
Event: 3318.938 GC heap after
{Heap after GC invocations=3951 (full 5):
 PSYoungGen      total 2048K, used 305K [0x00000000d5580000, 0x00000000d5880000, 0x0000000100000000)
  eden space 1536K, 0% used [0x00000000d5580000,0x00000000d5580000,0x00000000d5700000)
  from space 512K, 59% used [0x00000000d5800000,0x00000000d584c618,0x00000000d5880000)
  to   space 512K, 0% used [0x00000000d5780000,0x00000000d5780000,0x00000000d5800000)
 ParOldGen       total 857600K, used 857247K [0x0000000080000000, 0x00000000b4580000, 0x00000000d5580000)
  object space 857600K, 99% used [0x0000000080000000,0x00000000b4527f28,0x00000000b4580000)
 Metaspace       used 91640K, committed 93248K, reserved 1179648K
  class space    used 9302K, committed 10048K, reserved 1048576K
}
Event: 3318.986 GC heap before
{Heap before GC invocations=3952 (full 5):
 PSYoungGen      total 2048K, used 1841K [0x00000000d5580000, 0x00000000d5880000, 0x0000000100000000)
  eden space 1536K, 100% used [0x00000000d5580000,0x00000000d5700000,0x00000000d5700000)
  from space 512K, 59% used [0x00000000d5800000,0x00000000d584c618,0x00000000d5880000)
  to   space 512K, 0% used [0x00000000d5780000,0x00000000d5780000,0x00000000d5800000)
 ParOldGen       total 857600K, used 857247K [0x0000000080000000, 0x00000000b4580000, 0x00000000d5580000)
  object space 857600K, 99% used [0x0000000080000000,0x00000000b4527f28,0x00000000b4580000)
 Metaspace       used 91640K, committed 93248K, reserved 1179648K
  class space    used 9302K, committed 10048K, reserved 1048576K
}
Event: 3318.987 GC heap after
{Heap after GC invocations=3952 (full 5):
 PSYoungGen      total 2048K, used 416K [0x00000000d5580000, 0x00000000d5880000, 0x0000000100000000)
  eden space 1536K, 0% used [0x00000000d5580000,0x00000000d5580000,0x00000000d5700000)
  from space 512K, 81% used [0x00000000d5780000,0x00000000d57e8000,0x00000000d5800000)
  to   space 512K, 0% used [0x00000000d5800000,0x00000000d5800000,0x00000000d5880000)
 ParOldGen       total 857600K, used 857319K [0x0000000080000000, 0x00000000b4580000, 0x00000000d5580000)
  object space 857600K, 99% used [0x0000000080000000,0x00000000b4539f28,0x00000000b4580000)
 Metaspace       used 91640K, committed 93248K, reserved 1179648K
  class space    used 9302K, committed 10048K, reserved 1048576K
}
Event: 3319.356 GC heap before
{Heap before GC invocations=3953 (full 5):
 PSYoungGen      total 2048K, used 1952K [0x00000000d5580000, 0x00000000d5880000, 0x0000000100000000)
  eden space 1536K, 100% used [0x00000000d5580000,0x00000000d5700000,0x00000000d5700000)
  from space 512K, 81% used [0x00000000d5780000,0x00000000d57e8000,0x00000000d5800000)
  to   space 512K, 0% used [0x00000000d5800000,0x00000000d5800000,0x00000000d5880000)
 ParOldGen       total 857600K, used 857319K [0x0000000080000000, 0x00000000b4580000, 0x00000000d5580000)
  object space 857600K, 99% used [0x0000000080000000,0x00000000b4539f28,0x00000000b4580000)
 Metaspace       used 91640K, committed 93248K, reserved 1179648K
  class space    used 9302K, committed 10048K, reserved 1048576K
}
Event: 3319.357 GC heap after
{Heap after GC invocations=3953 (full 5):
 PSYoungGen      total 2048K, used 416K [0x00000000d5580000, 0x00000000d5880000, 0x0000000100000000)
  eden space 1536K, 0% used [0x00000000d5580000,0x00000000d5580000,0x00000000d5700000)
  from space 512K, 81% used [0x00000000d5800000,0x00000000d5868000,0x00000000d5880000)
  to   space 512K, 0% used [0x00000000d5780000,0x00000000d5780000,0x00000000d5800000)
 ParOldGen       total 857600K, used 857319K [0x0000000080000000, 0x00000000b4580000, 0x00000000d5580000)
  object space 857600K, 99% used [0x0000000080000000,0x00000000b4539f28,0x00000000b4580000)
 Metaspace       used 91640K, committed 93248K, reserved 1179648K
  class space    used 9302K, committed 10048K, reserved 1048576K
}
Event: 3319.401 GC heap before
{Heap before GC invocations=3954 (full 5):
 PSYoungGen      total 2048K, used 1952K [0x00000000d5580000, 0x00000000d5880000, 0x0000000100000000)
  eden space 1536K, 100% used [0x00000000d5580000,0x00000000d5700000,0x00000000d5700000)
  from space 512K, 81% used [0x00000000d5800000,0x00000000d5868000,0x00000000d5880000)
  to   space 512K, 0% used [0x00000000d5780000,0x00000000d5780000,0x00000000d5800000)
 ParOldGen       total 857600K, used 857319K [0x0000000080000000, 0x00000000b4580000, 0x00000000d5580000)
  object space 857600K, 99% used [0x0000000080000000,0x00000000b4539f28,0x00000000b4580000)
 Metaspace       used 91640K, committed 93248K, reserved 1179648K
  class space    used 9302K, committed 10048K, reserved 1048576K
}
Event: 3319.403 GC heap after
{Heap after GC invocations=3954 (full 5):
 PSYoungGen      total 2048K, used 384K [0x00000000d5580000, 0x00000000d5880000, 0x0000000100000000)
  eden space 1536K, 0% used [0x00000000d5580000,0x00000000d5580000,0x00000000d5700000)
  from space 512K, 75% used [0x00000000d5780000,0x00000000d57e0000,0x00000000d5800000)
  to   space 512K, 0% used [0x00000000d5800000,0x00000000d5800000,0x00000000d5880000)
 ParOldGen       total 857600K, used 857319K [0x0000000080000000, 0x00000000b4580000, 0x00000000d5580000)
  object space 857600K, 99% used [0x0000000080000000,0x00000000b4539f28,0x00000000b4580000)
 Metaspace       used 91640K, committed 93248K, reserved 1179648K
  class space    used 9302K, committed 10048K, reserved 1048576K
}

